<?xml version="1.0" encoding="UTF-8"?>
<coverage generated="1745170533224" clover="3.2.0">
  <project timestamp="1745170533224" name="All files">
    <metrics statements="25" coveredstatements="22" conditionals="17" coveredconditionals="12" methods="4" coveredmethods="4" elements="46" coveredelements="38" complexity="0" loc="25" ncloc="25" packages="2" files="3" classes="3"/>
    <package name="components">
      <metrics statements="3" coveredstatements="3" conditionals="3" coveredconditionals="3" methods="1" coveredmethods="1"/>
      <file name="ArticleItem.jsx" path="/Users/muhammadowaisraza/Desktop/interviewAssignment/popular-articles/src/components/ArticleItem.jsx">
        <metrics statements="3" coveredstatements="3" conditionals="3" coveredconditionals="3" methods="1" coveredmethods="1"/>
        <line num="11" count="5" type="stmt"/>
        <line num="14" count="5" type="cond" truecount="3" falsecount="0"/>
        <line num="18" count="5" type="stmt"/>
      </file>
    </package>
    <package name="pages">
      <metrics statements="22" coveredstatements="19" conditionals="14" coveredconditionals="9" methods="3" coveredmethods="3"/>
      <file name="ArticleDetails.jsx" path="/Users/muhammadowaisraza/Desktop/interviewAssignment/popular-articles/src/pages/ArticleDetails.jsx">
        <metrics statements="14" coveredstatements="11" conditionals="10" coveredconditionals="5" methods="1" coveredmethods="1"/>
        <line num="7" count="1" type="stmt"/>
        <line num="8" count="1" type="stmt"/>
        <line num="10" count="1" type="stmt"/>
        <line num="15" count="1" type="cond" truecount="1" falsecount="1"/>
        <line num="16" count="0" type="stmt"/>
        <line num="18" count="1" type="cond" truecount="1" falsecount="1"/>
        <line num="19" count="0" type="stmt"/>
        <line num="26" count="1" type="stmt"/>
        <line num="28" count="1" type="stmt"/>
        <line num="30" count="1" type="cond" truecount="1" falsecount="1"/>
        <line num="31" count="0" type="stmt"/>
        <line num="34" count="1" type="stmt"/>
        <line num="36" count="1" type="cond" truecount="1" falsecount="1"/>
        <line num="40" count="1" type="stmt"/>
      </file>
      <file name="Articles.jsx" path="/Users/muhammadowaisraza/Desktop/interviewAssignment/popular-articles/src/pages/Articles.jsx">
        <metrics statements="8" coveredstatements="8" conditionals="4" coveredconditionals="4" methods="2" coveredmethods="2"/>
        <line num="6" count="1" type="stmt"/>
        <line num="7" count="3" type="stmt"/>
        <line num="9" count="3" type="cond" truecount="2" falsecount="0"/>
        <line num="10" count="1" type="stmt"/>
        <line num="17" count="2" type="cond" truecount="2" falsecount="0"/>
        <line num="18" count="1" type="stmt"/>
        <line num="21" count="1" type="stmt"/>
        <line num="26" count="2" type="stmt"/>
      </file>
    </package>
  </project>
</coverage>
