TN:
SF:src/components/ArticleItem.jsx
FN:4,ArticleItem
FNF:1
FNH:1
FNDA:5,ArticleItem
DA:11,5
DA:14,5
DA:18,5
LF:3
LH:3
BRDA:14,0,0,5
BRDA:14,0,1,5
BRDA:14,0,2,1
BRF:3
BRH:3
end_of_record
TN:
SF:src/pages/ArticleDetails.jsx
FN:6,ArticleDetails
FNF:1
FNH:1
FNDA:1,ArticleDetails
DA:7,1
DA:8,1
DA:10,1
DA:15,1
DA:16,0
DA:18,1
DA:19,0
DA:26,1
DA:28,1
DA:30,1
DA:31,0
DA:34,1
DA:36,1
DA:40,1
LF:14
LH:11
BRDA:15,0,0,0
BRDA:15,0,1,1
BRDA:18,1,0,0
BRDA:18,1,1,1
BRDA:30,2,0,0
BRDA:30,2,1,1
BRDA:36,3,0,0
BRDA:36,3,1,1
BRDA:46,4,0,1
BRDA:46,4,1,0
BRF:10
BRH:5
end_of_record
TN:
SF:src/pages/Articles.jsx
FN:6,(anonymous_0)
FN:25,(anonymous_1)
FNF:2
FNH:2
FNDA:3,(anonymous_0)
FNDA:2,(anonymous_1)
DA:6,1
DA:7,3
DA:9,3
DA:10,1
DA:17,2
DA:18,1
DA:21,1
DA:26,2
LF:8
LH:8
BRDA:9,0,0,1
BRDA:9,0,1,2
BRDA:17,1,0,1
BRDA:17,1,1,1
BRF:4
BRH:4
end_of_record
